<?xml version="1.0" encoding="UTF-8"?>
<!-- Generated by org.testng.reporters.JUnitReportReporter -->
<testsuite hostname="Madhuri-Laptop" failures="0" tests="2" name="test.day2" time="0.014" errors="0" timestamp="2024-07-30T14:57:38 EDT" skipped="0">
  <testcase classname="test.day2" name="wTest1" time="0.004"/>
  <system-out/>
  <testcase classname="test.day2" name="wTest2" time="0.010"/>
  <system-out/>
</testsuite> <!-- test.day2 -->
