<?xml version="1.0" encoding="UTF-8"?>
<!-- Generated by org.testng.reporters.JUnitReportReporter -->
<testsuite hostname="Madhuri-Laptop" failures="0" tests="4" name="test.day3" time="0.020" errors="0" timestamp="2024-07-30T14:57:38 EDT" skipped="0">
  <testcase classname="test.day3" name="APILoginCarLoan2" time="0.003"/>
  <system-out/>
  <testcase classname="test.day3" name="APILoginCarLoan" time="0.014"/>
  <system-out/>
  <testcase classname="test.day3" name="APILoginCarLoan2" time="0.001"/>
  <system-out/>
  <testcase classname="test.day3" name="APILoginCarLoan2" time="0.002"/>
  <system-out/>
</testsuite> <!-- test.day3 -->
