<?xml version="1.0" encoding="UTF-8"?>
<!-- Generated by org.testng.reporters.JUnitReportReporter -->
<testsuite hostname="Madhuri-Laptop" failures="0" tests="3" name="test.day4" time="0.002" errors="0" timestamp="2024-07-30T14:57:38 EDT" skipped="1">
  <testcase classname="test.day4" name="WebLoginHomeLoan" time="0.001"/>
  <system-out/>
  <testcase classname="test.day4" name="APILoginHomeLoan" time="0.001"/>
  <system-out/>
  <testcase classname="test.day4" name="MobileLoginHomeLoan">
    <skipped/>
  </testcase> <!-- MobileLoginHomeLoan -->
  <system-out/>
</testsuite> <!-- test.day4 -->
